<?xml version="1.0" encoding="UTF-8"?>
<!-- Generated by org.testng.reporters.JUnitXMLReporter -->
<testsuite hostname="YOGI" name="Mytest" tests="2" failures="1" timestamp="5 Jun 2018 13:41:06 GMT" time="0.223" errors="0">
  <testcase name="Tc_003" time="0.032" classname="com.practice.Tc_001">
    <failure type="java.lang.AssertionError" message="expected [Abc1] but found [Abc]">
      <![CDATA[java.lang.AssertionError: expected [Abc1] but found [Abc]
	at com.practice.Tc_001.Tc_003(Tc_001.java:24)
... Removed 29 stack frames]]>
    </failure>
  </testcase> <!-- Tc_003 -->
  <testcase name="Tc_002" time="0.007" classname="com.practice.Tc_001"/>
</testsuite> <!-- Mytest -->
