<?xml version="1.0" encoding="UTF-8"?>
<!-- Generated by org.testng.reporters.JUnitXMLReporter -->
<testsuite hostname="YOGI" name="Test" tests="1" failures="1" timestamp="2 Jun 2018 07:14:50 GMT" time="8.948" errors="0">
  <testcase name="Login" time="0.041" classname="com.practice1.TestNg1">
    <failure type="java.lang.NullPointerException">
      <![CDATA[java.lang.NullPointerException
	at com.practice1.TestNg1.Login(TestNg1.java:33)
... Removed 24 stack frames]]>
    </failure>
  </testcase> <!-- Login -->
</testsuite> <!-- Test -->
