<?xml version="1.0" encoding="UTF-8"?>
<testng-results skipped="0" failed="0" total="1" passed="1">
  <reporter-output>
  </reporter-output>
  <suite name="Default suite" duration-ms="28013" started-at="2018-06-07T09:01:22Z" finished-at="2018-06-07T09:01:50Z">
    <groups>
    </groups>
    <test name="Default test" duration-ms="28013" started-at="2018-06-07T09:01:22Z" finished-at="2018-06-07T09:01:50Z">
      <class name="com.practice.TestNGSample">
        <test-method status="PASS" signature="sample()[pri:0, instance:com.practice.TestNGSample@6574b225]" name="sample" duration-ms="27932" started-at="2018-06-07T14:31:22Z" finished-at="2018-06-07T14:31:50Z">
          <reporter-output>
          </reporter-output>
        </test-method> <!-- sample -->
      </class> <!-- com.practice.TestNGSample -->
    </test> <!-- Default test -->
  </suite> <!-- Default suite -->
</testng-results>
